Plugins:
Bundled analyzers:
  - Python Code Quality and Security 3.24.0.10784 (python)
  - Go Code Quality and Security 1.11.0.3905 (go)
  - JaCoCo 1.3.0.1538 (jacoco)
  - Kotlin Code Quality and Security 2.12.0.1956 (kotlin)
  - IaC Code Quality and Security 1.11.0.2847 (iac)
  - JavaScript/TypeScript/CSS Code Quality and Security 9.13.0.20537 (javascript)
  - Ruby Code Quality and Security 1.11.0.3905 (ruby)
  - Scala Code Quality and Security 1.11.0.3905 (sonarscala)
  - C# Code Quality and Security 8.51.0.59060 (csharp)
  - Java Code Quality and Security 7.16.0.30901 (java)
  - HTML Code Quality and Security 3.7.1.3306 (web)
  - Flex Code Quality and Security 2.8.0.3166 (flex)
  - XML Code Quality and Security 2.7.0.3820 (xml)
  - PHP Code Quality and Security 3.27.1.9352 (php)
  - Text Code Quality and Security 2.0.1.611 (text)
  - VB.NET Code Quality and Security 8.51.0.59060 (vbnet)
  - Configuration detection fot Code Quality and Security 1.2.0.267 (config)
Global server settings:
  - sonar.core.id=147B411E-AYZaXmNu7PxWk62qSUmc
  - sonar.core.startTime=2023-02-16T13:16:18+0000
  - sonar.forceAuthentication=true
Project server settings:
Project scanner properties:
  - sonar.host.url=http://localhost:9000
  - sonar.links.ci=
  - sonar.links.homepage=
  - sonar.links.issue=
  - sonar.links.scm=scm:git:https://github.com/sismics/music.git
  - sonar.links.scm_dev=scm:git:https://github.com/music/music.git
  - sonar.login=******
  - sonar.moduleKey=swe:com.sismics.music:music-parent
  - sonar.modules=com.sismics.music:music-core,com.sismics.music:music-web-common,com.sismics.music:music-web
  - sonar.projectBaseDir=/home/jatin/IIITH_Courses/3rd Year/6th Sem/SWE/Project/se-project-1-14
  - sonar.projectBuildDir=/home/jatin/IIITH_Courses/3rd Year/6th Sem/SWE/Project/se-project-1-14/target
  - sonar.projectKey=swe
  - sonar.projectName=Music Parent
  - sonar.projectVersion=1.0-SNAPSHOT
  - sonar.scanner.app=ScannerMaven
  - sonar.scanner.appVersion=3.9.1.2184/3.6.3
  - sonar.sourceEncoding=UTF-8
  - sonar.sources=/home/jatin/IIITH_Courses/3rd Year/6th Sem/SWE/Project/se-project-1-14/pom.xml
  - sonar.working.directory=/home/jatin/IIITH_Courses/3rd Year/6th Sem/SWE/Project/se-project-1-14/target/sonar
Scanner properties of module: swe:com.sismics.music:music-web-common
  - sonar.binaries=/home/jatin/IIITH_Courses/3rd Year/6th Sem/SWE/Project/se-project-1-14/music-web-common/target/classes
  - sonar.groovy.binaries=/home/jatin/IIITH_Courses/3rd Year/6th Sem/SWE/Project/se-project-1-14/music-web-common/target/classes
  - sonar.java.binaries=/home/jatin/IIITH_Courses/3rd Year/6th Sem/SWE/Project/se-project-1-14/music-web-common/target/classes
  - sonar.java.libraries=/home/jatin/IIITH_Courses/3rd Year/6th Sem/SWE/Project/se-project-1-14/music-core/target/music-core-1.0-SNAPSHOT.jar,/home/jatin/.m2/repository/com/mchange/c3p0/0.9.5-pre6/c3p0-0.9.5-pre6.jar,/home/jatin/.m2/repository/com/mchange/mchange-commons-java/0.2.6.3/mchange-commons-java-0.2.6.3.jar,/home/jatin/.m2/repository/org/apache/commons/commons-compress/1.5/commons-compress-1.5.jar,/home/jatin/.m2/repository/org/tukaani/xz/1.2/xz-1.2.jar,/home/jatin/.m2/repository/org/slf4j/slf4j-log4j12/1.6.4/slf4j-log4j12-1.6.4.jar,/home/jatin/.m2/repository/org/slf4j/jcl-over-slf4j/1.6.6/jcl-over-slf4j-1.6.6.jar,/home/jatin/.m2/repository/org/mindrot/jbcrypt/0.3m/jbcrypt-0.3m.jar,/home/jatin/.m2/repository/org/apache/lucene/lucene-core/4.2.0/lucene-core-4.2.0.jar,/home/jatin/.m2/repository/org/apache/lucene/lucene-analyzers-common/4.2.0/lucene-analyzers-common-4.2.0.jar,/home/jatin/.m2/repository/org/apache/lucene/lucene-queryparser/4.2.0/lucene-queryparser-4.2.0.jar,/home/jatin/.m2/repository/or...
  - sonar.java.source=1.8
  - sonar.java.target=1.8
  - sonar.java.test.binaries=/home/jatin/IIITH_Courses/3rd Year/6th Sem/SWE/Project/se-project-1-14/music-web-common/target/test-classes
  - sonar.java.test.libraries=/home/jatin/IIITH_Courses/3rd Year/6th Sem/SWE/Project/se-project-1-14/music-web-common/target/classes,/home/jatin/IIITH_Courses/3rd Year/6th Sem/SWE/Project/se-project-1-14/music-core/target/music-core-1.0-SNAPSHOT.jar,/home/jatin/.m2/repository/com/mchange/c3p0/0.9.5-pre6/c3p0-0.9.5-pre6.jar,/home/jatin/.m2/repository/com/mchange/mchange-commons-java/0.2.6.3/mchange-commons-java-0.2.6.3.jar,/home/jatin/.m2/repository/org/apache/commons/commons-compress/1.5/commons-compress-1.5.jar,/home/jatin/.m2/repository/org/tukaani/xz/1.2/xz-1.2.jar,/home/jatin/.m2/repository/org/slf4j/slf4j-log4j12/1.6.4/slf4j-log4j12-1.6.4.jar,/home/jatin/.m2/repository/org/slf4j/jcl-over-slf4j/1.6.6/jcl-over-slf4j-1.6.6.jar,/home/jatin/.m2/repository/org/mindrot/jbcrypt/0.3m/jbcrypt-0.3m.jar,/home/jatin/.m2/repository/org/apache/lucene/lucene-core/4.2.0/lucene-core-4.2.0.jar,/home/jatin/.m2/repository/org/apache/lucene/lucene-analyzers-common/4.2.0/lucene-analyzers-common-4.2.0.jar,/home/jatin/.m2/repositor...
  - sonar.libraries=/home/jatin/IIITH_Courses/3rd Year/6th Sem/SWE/Project/se-project-1-14/music-core/target/music-core-1.0-SNAPSHOT.jar,/home/jatin/.m2/repository/com/mchange/c3p0/0.9.5-pre6/c3p0-0.9.5-pre6.jar,/home/jatin/.m2/repository/com/mchange/mchange-commons-java/0.2.6.3/mchange-commons-java-0.2.6.3.jar,/home/jatin/.m2/repository/org/apache/commons/commons-compress/1.5/commons-compress-1.5.jar,/home/jatin/.m2/repository/org/tukaani/xz/1.2/xz-1.2.jar,/home/jatin/.m2/repository/org/slf4j/slf4j-log4j12/1.6.4/slf4j-log4j12-1.6.4.jar,/home/jatin/.m2/repository/org/slf4j/jcl-over-slf4j/1.6.6/jcl-over-slf4j-1.6.6.jar,/home/jatin/.m2/repository/org/mindrot/jbcrypt/0.3m/jbcrypt-0.3m.jar,/home/jatin/.m2/repository/org/apache/lucene/lucene-core/4.2.0/lucene-core-4.2.0.jar,/home/jatin/.m2/repository/org/apache/lucene/lucene-analyzers-common/4.2.0/lucene-analyzers-common-4.2.0.jar,/home/jatin/.m2/repository/org/apache/lucene/lucene-queryparser/4.2.0/lucene-queryparser-4.2.0.jar,/home/jatin/.m2/repository/or...
  - sonar.links.scm=scm:git:https://github.com/sismics/music.git/music-web-common
  - sonar.links.scm_dev=scm:git:https://github.com/music/music.git/music-web-common
  - sonar.moduleKey=swe:com.sismics.music:music-web-common
  - sonar.projectBaseDir=/home/jatin/IIITH_Courses/3rd Year/6th Sem/SWE/Project/se-project-1-14/music-web-common
  - sonar.projectBuildDir=/home/jatin/IIITH_Courses/3rd Year/6th Sem/SWE/Project/se-project-1-14/music-web-common/target
  - sonar.projectKey=swe:com.sismics.music:music-web-common
  - sonar.projectName=Music Web Commons
  - sonar.sources=/home/jatin/IIITH_Courses/3rd Year/6th Sem/SWE/Project/se-project-1-14/music-web-common/pom.xml,/home/jatin/IIITH_Courses/3rd Year/6th Sem/SWE/Project/se-project-1-14/music-web-common/src/main/java
  - sonar.tests=/home/jatin/IIITH_Courses/3rd Year/6th Sem/SWE/Project/se-project-1-14/music-web-common/src/test/java
  - sonar.working.directory=/home/jatin/IIITH_Courses/3rd Year/6th Sem/SWE/Project/se-project-1-14/music-web-common/target/sonar
Scanner properties of module: swe:com.sismics.music:music-web
  - sonar.binaries=/home/jatin/IIITH_Courses/3rd Year/6th Sem/SWE/Project/se-project-1-14/music-web/target/classes
  - sonar.groovy.binaries=/home/jatin/IIITH_Courses/3rd Year/6th Sem/SWE/Project/se-project-1-14/music-web/target/classes
  - sonar.java.binaries=/home/jatin/IIITH_Courses/3rd Year/6th Sem/SWE/Project/se-project-1-14/music-web/target/classes
  - sonar.java.libraries=/home/jatin/IIITH_Courses/3rd Year/6th Sem/SWE/Project/se-project-1-14/music-core/target/music-core-1.0-SNAPSHOT.jar,/home/jatin/.m2/repository/com/mchange/c3p0/0.9.5-pre6/c3p0-0.9.5-pre6.jar,/home/jatin/.m2/repository/com/mchange/mchange-commons-java/0.2.6.3/mchange-commons-java-0.2.6.3.jar,/home/jatin/.m2/repository/org/jdbi/jdbi/2.51/jdbi-2.51.jar,/home/jatin/.m2/repository/com/google/code/findbugs/annotations/2.0.1/annotations-2.0.1.jar,/home/jatin/.m2/repository/org/apache/commons/commons-compress/1.5/commons-compress-1.5.jar,/home/jatin/.m2/repository/org/tukaani/xz/1.2/xz-1.2.jar,/home/jatin/.m2/repository/org/slf4j/slf4j-log4j12/1.6.4/slf4j-log4j12-1.6.4.jar,/home/jatin/.m2/repository/org/slf4j/slf4j-api/1.6.4/slf4j-api-1.6.4.jar,/home/jatin/.m2/repository/org/slf4j/jcl-over-slf4j/1.6.6/jcl-over-slf4j-1.6.6.jar,/home/jatin/.m2/repository/org/mindrot/jbcrypt/0.3m/jbcrypt-0.3m.jar,/home/jatin/.m2/repository/org/apache/lucene/lucene-core/4.2.0/lucene-core-4.2.0.jar,/home/jatin/...
  - sonar.java.source=1.8
  - sonar.java.target=1.8
  - sonar.java.test.binaries=/home/jatin/IIITH_Courses/3rd Year/6th Sem/SWE/Project/se-project-1-14/music-web/target/test-classes
  - sonar.java.test.libraries=/home/jatin/IIITH_Courses/3rd Year/6th Sem/SWE/Project/se-project-1-14/music-web/target/classes,/home/jatin/IIITH_Courses/3rd Year/6th Sem/SWE/Project/se-project-1-14/music-core/target/music-core-1.0-SNAPSHOT.jar,/home/jatin/.m2/repository/com/mchange/c3p0/0.9.5-pre6/c3p0-0.9.5-pre6.jar,/home/jatin/.m2/repository/com/mchange/mchange-commons-java/0.2.6.3/mchange-commons-java-0.2.6.3.jar,/home/jatin/.m2/repository/org/jdbi/jdbi/2.51/jdbi-2.51.jar,/home/jatin/.m2/repository/com/google/code/findbugs/annotations/2.0.1/annotations-2.0.1.jar,/home/jatin/.m2/repository/org/apache/commons/commons-compress/1.5/commons-compress-1.5.jar,/home/jatin/.m2/repository/org/tukaani/xz/1.2/xz-1.2.jar,/home/jatin/.m2/repository/org/slf4j/slf4j-log4j12/1.6.4/slf4j-log4j12-1.6.4.jar,/home/jatin/.m2/repository/org/slf4j/slf4j-api/1.6.4/slf4j-api-1.6.4.jar,/home/jatin/.m2/repository/org/slf4j/jcl-over-slf4j/1.6.6/jcl-over-slf4j-1.6.6.jar,/home/jatin/.m2/repository/org/mindrot/jbcrypt/0.3m/jbcrypt-0.3m.jar,/...
  - sonar.libraries=/home/jatin/IIITH_Courses/3rd Year/6th Sem/SWE/Project/se-project-1-14/music-core/target/music-core-1.0-SNAPSHOT.jar,/home/jatin/.m2/repository/com/mchange/c3p0/0.9.5-pre6/c3p0-0.9.5-pre6.jar,/home/jatin/.m2/repository/com/mchange/mchange-commons-java/0.2.6.3/mchange-commons-java-0.2.6.3.jar,/home/jatin/.m2/repository/org/jdbi/jdbi/2.51/jdbi-2.51.jar,/home/jatin/.m2/repository/com/google/code/findbugs/annotations/2.0.1/annotations-2.0.1.jar,/home/jatin/.m2/repository/org/apache/commons/commons-compress/1.5/commons-compress-1.5.jar,/home/jatin/.m2/repository/org/tukaani/xz/1.2/xz-1.2.jar,/home/jatin/.m2/repository/org/slf4j/slf4j-log4j12/1.6.4/slf4j-log4j12-1.6.4.jar,/home/jatin/.m2/repository/org/slf4j/slf4j-api/1.6.4/slf4j-api-1.6.4.jar,/home/jatin/.m2/repository/org/slf4j/jcl-over-slf4j/1.6.6/jcl-over-slf4j-1.6.6.jar,/home/jatin/.m2/repository/org/mindrot/jbcrypt/0.3m/jbcrypt-0.3m.jar,/home/jatin/.m2/repository/org/apache/lucene/lucene-core/4.2.0/lucene-core-4.2.0.jar,/home/jatin/...
  - sonar.links.scm=scm:git:https://github.com/sismics/music.git/music-web
  - sonar.links.scm_dev=scm:git:https://github.com/music/music.git/music-web
  - sonar.moduleKey=swe:com.sismics.music:music-web
  - sonar.projectBaseDir=/home/jatin/IIITH_Courses/3rd Year/6th Sem/SWE/Project/se-project-1-14/music-web
  - sonar.projectBuildDir=/home/jatin/IIITH_Courses/3rd Year/6th Sem/SWE/Project/se-project-1-14/music-web/target
  - sonar.projectKey=swe:com.sismics.music:music-web
  - sonar.projectName=Music Web
  - sonar.sources=/home/jatin/IIITH_Courses/3rd Year/6th Sem/SWE/Project/se-project-1-14/music-web/src/main/webapp,/home/jatin/IIITH_Courses/3rd Year/6th Sem/SWE/Project/se-project-1-14/music-web/pom.xml,/home/jatin/IIITH_Courses/3rd Year/6th Sem/SWE/Project/se-project-1-14/music-web/src/main/java
  - sonar.tests=/home/jatin/IIITH_Courses/3rd Year/6th Sem/SWE/Project/se-project-1-14/music-web/src/test/java
  - sonar.working.directory=/home/jatin/IIITH_Courses/3rd Year/6th Sem/SWE/Project/se-project-1-14/music-web/target/sonar
Scanner properties of module: swe:com.sismics.music:music-core
  - sonar.binaries=/home/jatin/IIITH_Courses/3rd Year/6th Sem/SWE/Project/se-project-1-14/music-core/target/classes
  - sonar.groovy.binaries=/home/jatin/IIITH_Courses/3rd Year/6th Sem/SWE/Project/se-project-1-14/music-core/target/classes
  - sonar.java.binaries=/home/jatin/IIITH_Courses/3rd Year/6th Sem/SWE/Project/se-project-1-14/music-core/target/classes
  - sonar.java.libraries=/home/jatin/.m2/repository/com/mchange/c3p0/0.9.5-pre6/c3p0-0.9.5-pre6.jar,/home/jatin/.m2/repository/com/mchange/mchange-commons-java/0.2.6.3/mchange-commons-java-0.2.6.3.jar,/home/jatin/.m2/repository/org/jdbi/jdbi/2.51/jdbi-2.51.jar,/home/jatin/.m2/repository/com/google/code/findbugs/annotations/2.0.1/annotations-2.0.1.jar,/home/jatin/.m2/repository/joda-time/joda-time/2.2/joda-time-2.2.jar,/home/jatin/.m2/repository/com/google/guava/guava/15.0/guava-15.0.jar,/home/jatin/.m2/repository/org/apache/commons/commons-compress/1.5/commons-compress-1.5.jar,/home/jatin/.m2/repository/org/tukaani/xz/1.2/xz-1.2.jar,/home/jatin/.m2/repository/commons-lang/commons-lang/2.6/commons-lang-2.6.jar,/home/jatin/.m2/repository/log4j/log4j/1.2.16/log4j-1.2.16.jar,/home/jatin/.m2/repository/org/slf4j/slf4j-log4j12/1.6.4/slf4j-log4j12-1.6.4.jar,/home/jatin/.m2/repository/org/slf4j/slf4j-api/1.6.4/slf4j-api-1.6.4.jar,/home/jatin/.m2/repository/org/slf4j/jcl-over-slf4j/1.6.6/jcl-over-slf4j-1.6.6.jar,/ho...
  - sonar.java.source=1.8
  - sonar.java.target=1.8
  - sonar.java.test.binaries=/home/jatin/IIITH_Courses/3rd Year/6th Sem/SWE/Project/se-project-1-14/music-core/target/test-classes
  - sonar.java.test.libraries=/home/jatin/IIITH_Courses/3rd Year/6th Sem/SWE/Project/se-project-1-14/music-core/target/classes,/home/jatin/.m2/repository/com/mchange/c3p0/0.9.5-pre6/c3p0-0.9.5-pre6.jar,/home/jatin/.m2/repository/com/mchange/mchange-commons-java/0.2.6.3/mchange-commons-java-0.2.6.3.jar,/home/jatin/.m2/repository/org/jdbi/jdbi/2.51/jdbi-2.51.jar,/home/jatin/.m2/repository/com/google/code/findbugs/annotations/2.0.1/annotations-2.0.1.jar,/home/jatin/.m2/repository/joda-time/joda-time/2.2/joda-time-2.2.jar,/home/jatin/.m2/repository/com/google/guava/guava/15.0/guava-15.0.jar,/home/jatin/.m2/repository/org/apache/commons/commons-compress/1.5/commons-compress-1.5.jar,/home/jatin/.m2/repository/org/tukaani/xz/1.2/xz-1.2.jar,/home/jatin/.m2/repository/commons-lang/commons-lang/2.6/commons-lang-2.6.jar,/home/jatin/.m2/repository/log4j/log4j/1.2.16/log4j-1.2.16.jar,/home/jatin/.m2/repository/org/slf4j/slf4j-log4j12/1.6.4/slf4j-log4j12-1.6.4.jar,/home/jatin/.m2/repository/org/slf4j/slf4j-api/1.6.4/slf4j-api...
  - sonar.libraries=/home/jatin/.m2/repository/com/mchange/c3p0/0.9.5-pre6/c3p0-0.9.5-pre6.jar,/home/jatin/.m2/repository/com/mchange/mchange-commons-java/0.2.6.3/mchange-commons-java-0.2.6.3.jar,/home/jatin/.m2/repository/org/jdbi/jdbi/2.51/jdbi-2.51.jar,/home/jatin/.m2/repository/com/google/code/findbugs/annotations/2.0.1/annotations-2.0.1.jar,/home/jatin/.m2/repository/joda-time/joda-time/2.2/joda-time-2.2.jar,/home/jatin/.m2/repository/com/google/guava/guava/15.0/guava-15.0.jar,/home/jatin/.m2/repository/org/apache/commons/commons-compress/1.5/commons-compress-1.5.jar,/home/jatin/.m2/repository/org/tukaani/xz/1.2/xz-1.2.jar,/home/jatin/.m2/repository/commons-lang/commons-lang/2.6/commons-lang-2.6.jar,/home/jatin/.m2/repository/log4j/log4j/1.2.16/log4j-1.2.16.jar,/home/jatin/.m2/repository/org/slf4j/slf4j-log4j12/1.6.4/slf4j-log4j12-1.6.4.jar,/home/jatin/.m2/repository/org/slf4j/slf4j-api/1.6.4/slf4j-api-1.6.4.jar,/home/jatin/.m2/repository/org/slf4j/jcl-over-slf4j/1.6.6/jcl-over-slf4j-1.6.6.jar,/ho...
  - sonar.links.scm=scm:git:https://github.com/sismics/music.git/music-core
  - sonar.links.scm_dev=scm:git:https://github.com/music/music.git/music-core
  - sonar.moduleKey=swe:com.sismics.music:music-core
  - sonar.projectBaseDir=/home/jatin/IIITH_Courses/3rd Year/6th Sem/SWE/Project/se-project-1-14/music-core
  - sonar.projectBuildDir=/home/jatin/IIITH_Courses/3rd Year/6th Sem/SWE/Project/se-project-1-14/music-core/target
  - sonar.projectKey=swe:com.sismics.music:music-core
  - sonar.projectName=Music Core
  - sonar.sources=/home/jatin/IIITH_Courses/3rd Year/6th Sem/SWE/Project/se-project-1-14/music-core/pom.xml,/home/jatin/IIITH_Courses/3rd Year/6th Sem/SWE/Project/se-project-1-14/music-core/src/main/java
  - sonar.tests=/home/jatin/IIITH_Courses/3rd Year/6th Sem/SWE/Project/se-project-1-14/music-core/src/test/java
  - sonar.working.directory=/home/jatin/IIITH_Courses/3rd Year/6th Sem/SWE/Project/se-project-1-14/music-core/target/sonar
